info: ::1 - - [16/Sep/2022:15:55:47 +0000] "GET /api/v1/ HTTP/1.1" 200 9 "-" "PostmanRuntime/7.29.2"

info: ::1 - - [16/Sep/2022:16:05:43 +0000] "GET /api/v1/ HTTP/1.1" 200 9 "-" "PostmanRuntime/7.29.2"

info: ::1 - - [16/Sep/2022:16:05:52 +0000] "GET /api/v1/users HTTP/1.1" 200 48086 "-" "PostmanRuntime/7.29.2"

info: ::1 - - [16/Sep/2022:16:07:23 +0000] "GET /api/v1/users HTTP/1.1" 200 48086 "-" "PostmanRuntime/7.29.2"

info: ::1 - - [16/Sep/2022:16:08:45 +0000] "GET /api/v1/users HTTP/1.1" 200 48086 "-" "PostmanRuntime/7.29.2"

info: ::1 - - [16/Sep/2022:16:10:39 +0000] "GET /api/v1/users HTTP/1.1" 200 48086 "-" "PostmanRuntime/7.29.2"

info: ::1 - - [16/Sep/2022:16:10:57 +0000] "GET /api/v1/users HTTP/1.1" 200 48086 "-" "PostmanRuntime/7.29.2"

info: ::1 - - [16/Sep/2022:16:11:51 +0000] "GET /api/v1/users HTTP/1.1" 200 48086 "-" "PostmanRuntime/7.29.2"

info: ::1 - - [16/Sep/2022:16:13:31 +0000] "GET /api/v1/users HTTP/1.1" 200 65 "-" "PostmanRuntime/7.29.2"

info: ::1 - - [16/Sep/2022:16:14:46 +0000] "GET /api/v1/users HTTP/1.1" 200 65 "-" "PostmanRuntime/7.29.2"

info: ::1 - - [16/Sep/2022:16:24:04 +0000] "POST /api/v1/users HTTP/1.1" 500 60 "-" "PostmanRuntime/7.29.2"

info: ::1 - - [16/Sep/2022:16:24:58 +0000] "POST /api/v1/users/addUser HTTP/1.1" 404 47 "-" "PostmanRuntime/7.29.2"

info: ::1 - - [16/Sep/2022:16:27:52 +0000] "POST /api/v1/users/addUser HTTP/1.1" 500 75 "-" "PostmanRuntime/7.29.2"

info: ::1 - - [16/Sep/2022:16:29:09 +0000] "POST /api/v1/users/addUser HTTP/1.1" 500 60 "-" "PostmanRuntime/7.29.2"

info: ::1 - - [16/Sep/2022:16:31:04 +0000] "POST /api/v1/users/addUser HTTP/1.1" 500 68 "-" "PostmanRuntime/7.29.2"

info: ::1 - - [16/Sep/2022:16:31:17 +0000] "POST /api/v1/users/addUser HTTP/1.1" 201 255 "-" "PostmanRuntime/7.29.2"

info: ::1 - - [16/Sep/2022:16:31:54 +0000] "POST /api/v1/users/addUser HTTP/1.1" 201 255 "-" "PostmanRuntime/7.29.2"

info: ::1 - - [16/Sep/2022:16:32:51 +0000] "POST /api/v1/users/addUser HTTP/1.1" 201 255 "-" "PostmanRuntime/7.29.2"

info: ::1 - - [16/Sep/2022:16:33:40 +0000] "POST /api/v1/users/addUser HTTP/1.1" 500 60 "-" "PostmanRuntime/7.29.2"

info: ::1 - - [16/Sep/2022:16:33:50 +0000] "POST /api/v1/users/addUser HTTP/1.1" 201 255 "-" "PostmanRuntime/7.29.2"

info: ::1 - - [16/Sep/2022:16:35:22 +0000] "POST /api/v1/users/addUser HTTP/1.1" 201 275 "-" "PostmanRuntime/7.29.2"

info: ::1 - - [16/Sep/2022:16:38:07 +0000] "POST /api/v1/users/register HTTP/1.1" 201 275 "-" "PostmanRuntime/7.29.2"

info: ::1 - - [16/Sep/2022:16:41:20 +0000] "GET /api/v1/users/register HTTP/1.1" 500 130 "-" "PostmanRuntime/7.29.2"

info: ::1 - - [16/Sep/2022:16:41:48 +0000] "GET /api/v1/users HTTP/1.1" 200 1292 "-" "PostmanRuntime/7.29.2"

info: ::1 - - [16/Sep/2022:16:42:07 +0000] "DELETE /api/v1/users/6324a4d5c3473739d4852ca0 HTTP/1.1" 200 60 "-" "PostmanRuntime/7.29.2"

info: ::1 - - [16/Sep/2022:16:53:29 +0000] "POST /api/v1/users/6324a4d5c3473739d4852ca0 HTTP/1.1" 404 47 "-" "PostmanRuntime/7.29.2"

info: ::1 - - [16/Sep/2022:16:53:44 +0000] "POST /api/v1/users/register HTTP/1.1" 201 276 "-" "PostmanRuntime/7.29.2"

info: ::1 - - [16/Sep/2022:16:53:55 +0000] "GET /api/v1/users HTTP/1.1" 200 1313 "-" "PostmanRuntime/7.29.2"

info: ::1 - - [16/Sep/2022:16:54:19 +0000] "DELETE /api/v1/users/6324a4faaf4608327cb04e54 HTTP/1.1" 200 60 "-" "PostmanRuntime/7.29.2"

info: ::1 - - [16/Sep/2022:16:54:33 +0000] "GET /api/v1/users HTTP/1.1" 200 1115 "-" "PostmanRuntime/7.29.2"

info: ::1 - - [16/Sep/2022:16:54:55 +0000] "DELETE /api/v1/users/6324a533af4608327cb04e56 HTTP/1.1" 200 60 "-" "PostmanRuntime/7.29.2"

info: ::1 - - [16/Sep/2022:16:55:08 +0000] "GET /api/v1/users HTTP/1.1" 200 917 "-" "PostmanRuntime/7.29.2"

info: ::1 - - [16/Sep/2022:16:55:32 +0000] "DELETE /api/v1/users/6324a56eaf4608327cb04e58 HTTP/1.1" 200 60 "-" "PostmanRuntime/7.29.2"

info: ::1 - - [16/Sep/2022:16:55:44 +0000] "GET /api/v1/users HTTP/1.1" 200 719 "-" "PostmanRuntime/7.29.2"

info: ::1 - - [16/Sep/2022:16:56:06 +0000] "DELETE /api/v1/users/6324a66e669b733c70be6488 HTTP/1.1" 200 60 "-" "PostmanRuntime/7.29.2"

info: ::1 - - [16/Sep/2022:16:56:14 +0000] "GET /api/v1/users HTTP/1.1" 200 501 "-" "PostmanRuntime/7.29.2"

info: ::1 - - [16/Sep/2022:16:56:38 +0000] "DELETE /api/v1/users/6324a5caed4ec038fc9fbb97 HTTP/1.1" 200 60 "-" "PostmanRuntime/7.29.2"

info: ::1 - - [16/Sep/2022:16:56:53 +0000] "GET /api/v1/users HTTP/1.1" 200 283 "-" "PostmanRuntime/7.29.2"

info: ::1 - - [16/Sep/2022:16:57:41 +0000] "POST /api/v1/users HTTP/1.1" 404 47 "-" "PostmanRuntime/7.29.2"

info: ::1 - - [16/Sep/2022:16:57:51 +0000] "POST /api/v1/users/register HTTP/1.1" 201 274 "-" "PostmanRuntime/7.29.2"

info: ::1 - - [16/Sep/2022:16:58:28 +0000] "POST /api/v1/users/register HTTP/1.1" 201 270 "-" "PostmanRuntime/7.29.2"

info: ::1 - - [16/Sep/2022:16:59:01 +0000] "POST /api/v1/users/register HTTP/1.1" 201 279 "-" "PostmanRuntime/7.29.2"

info: ::1 - - [16/Sep/2022:16:59:09 +0000] "GET /api/v1/users HTTP/1.1" 200 935 "-" "PostmanRuntime/7.29.2"

