info: ::1 - - [19/Sep/2022:04:32:00 +0000] "POST /api/v1/users/register HTTP/1.1" 201 280 "-" "PostmanRuntime/7.29.2"

info: ::1 - - [19/Sep/2022:04:32:10 +0000] "GET /api/v1/users/register HTTP/1.1" 404 47 "-" "PostmanRuntime/7.29.2"

info: ::1 - - [19/Sep/2022:04:32:18 +0000] "GET /api/v1/users HTTP/1.1" 404 47 "-" "PostmanRuntime/7.29.2"

info: ::1 - - [19/Sep/2022:04:32:57 +0000] "POST /api/v1/users HTTP/1.1" 404 47 "-" "PostmanRuntime/7.29.2"

info: ::1 - - [19/Sep/2022:04:33:11 +0000] "POST /api/v1/users/register HTTP/1.1" 201 268 "-" "PostmanRuntime/7.29.2"

info: ::1 - - [19/Sep/2022:04:34:04 +0000] "POST /api/v1/users/login HTTP/1.1" 200 265 "-" "PostmanRuntime/7.29.2"

info: ::1 - - [19/Sep/2022:09:54:46 +0000] "POST /api/v1/users/login HTTP/1.1" 200 265 "-" "PostmanRuntime/7.29.2"

info: ::1 - - [19/Sep/2022:09:59:57 +0000] "POST /api/v1/users/login HTTP/1.1" 200 265 "-" "PostmanRuntime/7.29.2"

info: ::1 - - [19/Sep/2022:10:00:59 +0000] "POST /api/v1/users/login HTTP/1.1" 200 265 "-" "PostmanRuntime/7.29.2"

info: ::1 - - [19/Sep/2022:10:04:00 +0000] "POST /api/v1/users/login HTTP/1.1" 200 265 "-" "PostmanRuntime/7.29.2"

info: ::1 - - [19/Sep/2022:10:10:41 +0000] "POST /api/v1/users/login HTTP/1.1" 200 265 "-" "PostmanRuntime/7.29.2"

info: ::1 - - [19/Sep/2022:10:13:09 +0000] "POST /api/v1/users/register HTTP/1.1" 500 60 "-" "PostmanRuntime/7.29.2"

info: ::1 - - [19/Sep/2022:10:14:50 +0000] "POST /api/v1/users/register HTTP/1.1" 500 60 "-" "PostmanRuntime/7.29.2"

info: ::1 - - [19/Sep/2022:10:15:14 +0000] "POST /api/v1/users/register HTTP/1.1" 500 67 "-" "PostmanRuntime/7.29.2"

info: ::1 - - [19/Sep/2022:10:17:20 +0000] "POST /api/v1/users/register HTTP/1.1" 500 67 "-" "PostmanRuntime/7.29.2"

info: ::1 - - [19/Sep/2022:10:19:13 +0000] "POST /api/v1/users/register HTTP/1.1" 500 67 "-" "PostmanRuntime/7.29.2"

info: ::1 - - [19/Sep/2022:10:22:22 +0000] "POST /api/v1/users/register HTTP/1.1" 201 252 "-" "PostmanRuntime/7.29.2"

info: ::1 - - [19/Sep/2022:10:31:45 +0000] "POST /api/v1/users/login HTTP/1.1" 500 57 "-" "PostmanRuntime/7.29.2"

info: ::1 - - [19/Sep/2022:10:35:35 +0000] "POST /api/v1/users/login HTTP/1.1" 500 57 "-" "PostmanRuntime/7.29.2"

info: ::1 - - [19/Sep/2022:10:36:12 +0000] "POST /api/v1/users/login HTTP/1.1" 500 57 "-" "PostmanRuntime/7.29.2"

info: ::1 - - [19/Sep/2022:10:38:31 +0000] "POST /api/v1/users/login HTTP/1.1" 500 57 "-" "PostmanRuntime/7.29.2"

info: ::1 - - [19/Sep/2022:10:46:09 +0000] "POST /api/v1/users/login HTTP/1.1" 500 57 "-" "PostmanRuntime/7.29.2"

info: ::1 - - [19/Sep/2022:11:04:27 +0000] "POST /api/v1/users/login HTTP/1.1" 500 57 "-" "PostmanRuntime/7.29.2"

info: ::1 - - [19/Sep/2022:13:57:03 +0000] "POST /api/v1/users/login HTTP/1.1" 500 57 "-" "PostmanRuntime/7.29.2"

info: ::1 - - [19/Sep/2022:14:00:27 +0000] "POST /api/v1/users/login HTTP/1.1" 500 57 "-" "PostmanRuntime/7.29.2"

info: ::1 - - [19/Sep/2022:14:11:09 +0000] "POST /api/v1/%20users/login HTTP/1.1" 404 47 "-" "PostmanRuntime/7.29.2"

info: ::1 - - [19/Sep/2022:14:11:51 +0000] "POST /api/v1/%20users/login HTTP/1.1" 404 47 "-" "PostmanRuntime/7.29.2"

info: ::1 - - [19/Sep/2022:14:11:58 +0000] "POST /api/v1/users/login HTTP/1.1" 500 57 "-" "PostmanRuntime/7.29.2"

info: ::1 - - [19/Sep/2022:14:39:48 +0000] "POST /api/v1/users/login HTTP/1.1" 500 57 "-" "PostmanRuntime/7.29.2"

info: ::1 - - [19/Sep/2022:14:40:02 +0000] "POST /api/v1/users/login HTTP/1.1" 500 57 "-" "PostmanRuntime/7.29.2"

info: ::1 - - [19/Sep/2022:14:46:59 +0000] "POST /api/v1/users/login HTTP/1.1" 500 57 "-" "PostmanRuntime/7.29.2"

info: ::1 - - [19/Sep/2022:14:47:16 +0000] "POST /api/v1/users/login HTTP/1.1" 500 57 "-" "PostmanRuntime/7.29.2"

info: ::1 - - [19/Sep/2022:16:26:04 +0000] "POST /api/v1/users/login HTTP/1.1" 500 55 "-" "PostmanRuntime/7.29.2"

info: ::1 - - [19/Sep/2022:16:27:31 +0000] "POST /api/v1/users/login HTTP/1.1" 500 54 "-" "PostmanRuntime/7.29.2"

info: ::1 - - [19/Sep/2022:16:28:44 +0000] "POST /api/v1/users/login HTTP/1.1" 500 67 "-" "PostmanRuntime/7.29.2"

info: ::1 - - [19/Sep/2022:16:29:47 +0000] "POST /api/v1/users/login HTTP/1.1" 500 67 "-" "PostmanRuntime/7.29.2"

info: ::1 - - [19/Sep/2022:16:29:51 +0000] "POST /api/v1/users/login HTTP/1.1" 500 67 "-" "PostmanRuntime/7.29.2"

info: ::1 - - [19/Sep/2022:16:29:52 +0000] "POST /api/v1/users/login HTTP/1.1" 500 67 "-" "PostmanRuntime/7.29.2"

info: ::1 - - [19/Sep/2022:16:31:08 +0000] "POST /api/v1/users/login HTTP/1.1" 500 51 "-" "PostmanRuntime/7.29.2"

info: ::1 - - [19/Sep/2022:16:31:24 +0000] "POST /api/v1/users/login HTTP/1.1" 500 51 "-" "PostmanRuntime/7.29.2"

info: ::1 - - [19/Sep/2022:16:32:18 +0000] "POST /api/v1/users/login HTTP/1.1" 500 51 "-" "PostmanRuntime/7.29.2"

info: ::1 - - [19/Sep/2022:16:33:46 +0000] "POST /api/v1/users/login HTTP/1.1" 500 51 "-" "PostmanRuntime/7.29.2"

info: ::1 - - [19/Sep/2022:16:36:35 +0000] "POST /api/v1/users/login HTTP/1.1" 500 51 "-" "PostmanRuntime/7.29.2"

info: ::1 - - [19/Sep/2022:16:37:27 +0000] "POST /api/v1/users/login HTTP/1.1" 500 51 "-" "PostmanRuntime/7.29.2"

info: ::1 - - [19/Sep/2022:16:38:34 +0000] "POST /api/v1/users/login HTTP/1.1" 500 51 "-" "PostmanRuntime/7.29.2"

info: ::1 - - [19/Sep/2022:16:38:59 +0000] "POST /api/v1/users/login HTTP/1.1" 500 48 "-" "PostmanRuntime/7.29.2"

info: ::1 - - [19/Sep/2022:16:39:07 +0000] "POST /api/v1/users/login HTTP/1.1" 500 51 "-" "PostmanRuntime/7.29.2"

info: ::1 - - [19/Sep/2022:16:39:32 +0000] "POST /api/v1/users/login HTTP/1.1" 500 51 "-" "PostmanRuntime/7.29.2"

