info: ::1 - - [22/Sep/2022:18:30:49 +0000] "PUT /api/v1/note/632c7e8507977f23ac7ee7cc HTTP/1.1" 202 258 "-" "PostmanRuntime/7.29.2"

info: ::1 - - [22/Sep/2022:18:32:00 +0000] "PUT /api/v1/note/isarchive/632c7e8507977f23ac7ee7cc HTTP/1.1" 500 83 "-" "PostmanRuntime/7.29.2"

info: ::1 - - [22/Sep/2022:18:39:10 +0000] "PUT /api/v1/note/isarchive/632c7e8507977f23ac7ee7cc HTTP/1.1" 500 83 "-" "PostmanRuntime/7.29.2"

info: ::1 - - [22/Sep/2022:18:41:47 +0000] "PUT /api/v1/note/isarchive/632c7e8507977f23ac7ee7cc HTTP/1.1" 500 54 "-" "PostmanRuntime/7.29.2"

info: ::1 - - [22/Sep/2022:18:42:11 +0000] "PUT /api/v1/note/isarchive/632c7e8507977f23ac7ee7cc HTTP/1.1" 202 262 "-" "PostmanRuntime/7.29.2"

info: ::1 - - [22/Sep/2022:18:49:59 +0000] "PUT /api/v1/note/isarchive/632c7e8507977f23ac7ee7cc HTTP/1.1" 500 60 "-" "PostmanRuntime/7.29.2"

info: ::1 - - [22/Sep/2022:18:50:21 +0000] "GET /api/v1/note HTTP/1.1" 200 1277 "-" "PostmanRuntime/7.29.2"

info: ::1 - - [22/Sep/2022:18:50:54 +0000] "PUT /api/v1/note/isarchived/632c81dce6151419b497a225 HTTP/1.1" 404 47 "-" "PostmanRuntime/7.29.2"

info: ::1 - - [22/Sep/2022:18:51:02 +0000] "PUT /api/v1/note/isarchive/632c81dce6151419b497a225 HTTP/1.1" 500 60 "-" "PostmanRuntime/7.29.2"

info: ::1 - - [22/Sep/2022:18:51:50 +0000] "PUT /api/v1/note/isarchive/632c81dce6151419b497a225 HTTP/1.1" 500 54 "-" "PostmanRuntime/7.29.2"

info: ::1 - - [22/Sep/2022:18:51:53 +0000] "PUT /api/v1/note/isarchive/632c81dce6151419b497a225 HTTP/1.1" 500 54 "-" "PostmanRuntime/7.29.2"

info: ::1 - - [22/Sep/2022:18:52:17 +0000] "PUT /api/v1/note/isarchive/632c81dce6151419b497a225 HTTP/1.1" 202 263 "-" "PostmanRuntime/7.29.2"

info: ::1 - - [22/Sep/2022:19:00:30 +0000] "GET /api/v1/note HTTP/1.1" 200 1280 "-" "PostmanRuntime/7.29.2"

info: ::1 - - [22/Sep/2022:19:01:05 +0000] "PUT /api/v1/note/isarchive/632c81dce6151419b497a225 HTTP/1.1" 500 56 "-" "PostmanRuntime/7.29.2"

info: ::1 - - [22/Sep/2022:19:01:25 +0000] "GET /api/v1/note HTTP/1.1" 200 1280 "-" "PostmanRuntime/7.29.2"

info: ::1 - - [22/Sep/2022:19:02:51 +0000] "GET /api/v1/note/isarchived/632c81dce6151419b497a225 HTTP/1.1" 404 47 "-" "PostmanRuntime/7.29.2"

info: ::1 - - [22/Sep/2022:19:02:59 +0000] "GET /api/v1/note/isarchive/632c81dce6151419b497a225 HTTP/1.1" 404 47 "-" "PostmanRuntime/7.29.2"

info: ::1 - - [22/Sep/2022:19:03:09 +0000] "GET /api/v1/note/isarchive/632c81dce6151419b497a225 HTTP/1.1" 404 47 "-" "PostmanRuntime/7.29.2"

info: ::1 - - [22/Sep/2022:19:03:10 +0000] "GET /api/v1/note/isarchive/632c81dce6151419b497a225 HTTP/1.1" 404 47 "-" "PostmanRuntime/7.29.2"

info: ::1 - - [22/Sep/2022:19:03:12 +0000] "GET /api/v1/note/isarchive/632c81dce6151419b497a225 HTTP/1.1" 404 47 "-" "PostmanRuntime/7.29.2"

info: ::1 - - [22/Sep/2022:19:03:29 +0000] "GET /api/v1/note/isarchive/632c81dce6151419b497a225 HTTP/1.1" 404 47 "-" "PostmanRuntime/7.29.2"

info: ::1 - - [22/Sep/2022:19:03:30 +0000] "GET /api/v1/note/isarchive/632c81dce6151419b497a225 HTTP/1.1" 404 47 "-" "PostmanRuntime/7.29.2"

info: ::1 - - [22/Sep/2022:19:03:43 +0000] "PUT /api/v1/note/isarchive/632c81dce6151419b497a225 HTTP/1.1" 202 262 "-" "PostmanRuntime/7.29.2"

info: ::1 - - [22/Sep/2022:19:04:37 +0000] "PUT /api/v1/note/isdelete/632c81dce6151419b497a225 HTTP/1.1" 202 257 "-" "PostmanRuntime/7.29.2"

