info: ::1 - - [21/Sep/2022:18:35:31 +0000] "POST /api/v1/note/note HTTP/1.1" 500 52 "-" "PostmanRuntime/7.29.2"

info: ::1 - - [21/Sep/2022:18:35:40 +0000] "POST /api/v1/note/note HTTP/1.1" 500 52 "-" "PostmanRuntime/7.29.2"

info: ::1 - - [21/Sep/2022:19:09:35 +0000] "POST /api/v1/note/note HTTP/1.1" 400 56 "-" "PostmanRuntime/7.29.2"

info: ::1 - - [22/Sep/2022:14:28:47 +0000] "POST /api/v1/note/note HTTP/1.1" 500 61 "-" "PostmanRuntime/7.29.2"

info: ::1 - - [22/Sep/2022:14:35:17 +0000] "POST /api/v1/note HTTP/1.1" 404 47 "-" "PostmanRuntime/7.29.2"

info: ::1 - - [22/Sep/2022:14:35:55 +0000] "POST /api/v1/note/note HTTP/1.1" - - "-" "PostmanRuntime/7.29.2"

info: ::1 - - [22/Sep/2022:15:24:42 +0000] "POST /api/v1/note/note HTTP/1.1" - - "-" "PostmanRuntime/7.29.2"

info: ::1 - - [22/Sep/2022:15:25:58 +0000] "POST /api/v1/note/note HTTP/1.1" 201 224 "-" "PostmanRuntime/7.29.2"

info: ::1 - - [22/Sep/2022:15:40:12 +0000] "POST /api/v1/note/note HTTP/1.1" 201 224 "-" "PostmanRuntime/7.29.2"

info: ::1 - - [22/Sep/2022:15:40:38 +0000] "POST /api/v1/note/note HTTP/1.1" 500 86 "-" "PostmanRuntime/7.29.2"

info: ::1 - - [22/Sep/2022:15:40:46 +0000] "POST /api/v1/note/note HTTP/1.1" 201 226 "-" "PostmanRuntime/7.29.2"

info: ::1 - - [22/Sep/2022:15:41:13 +0000] "PUT /api/v1/note/632c81fee6151419b497a227 HTTP/1.1" 500 53 "-" "PostmanRuntime/7.29.2"

info: ::1 - - [22/Sep/2022:15:41:24 +0000] "PUT /api/v1/note/632c81fee6151419b497a227 HTTP/1.1" 500 53 "-" "PostmanRuntime/7.29.2"

info: ::1 - - [22/Sep/2022:15:41:25 +0000] "PUT /api/v1/note/632c81fee6151419b497a227 HTTP/1.1" 500 53 "-" "PostmanRuntime/7.29.2"

info: ::1 - - [22/Sep/2022:15:41:31 +0000] "DELETE /api/v1/note/632c81fee6151419b497a227 HTTP/1.1" 500 54 "-" "PostmanRuntime/7.29.2"

info: ::1 - - [22/Sep/2022:15:41:50 +0000] "POST /api/v1/note/note HTTP/1.1" 201 226 "-" "PostmanRuntime/7.29.2"

info: ::1 - - [22/Sep/2022:15:42:15 +0000] "GET /api/v1/note/632c823ee6151419b497a229 HTTP/1.1" 500 52 "-" "PostmanRuntime/7.29.2"

info: ::1 - - [22/Sep/2022:15:43:32 +0000] "GET /api/v1/632c823ee6151419b497a229 HTTP/1.1" 404 47 "-" "PostmanRuntime/7.29.2"

info: ::1 - - [22/Sep/2022:15:43:41 +0000] "GET /api/v1/note/632c823ee6151419b497a229 HTTP/1.1" 500 52 "-" "PostmanRuntime/7.29.2"

info: ::1 - - [22/Sep/2022:15:49:52 +0000] "GET /api/v1/note/632c823ee6151419b497a229 HTTP/1.1" 500 52 "-" "PostmanRuntime/7.29.2"

info: ::1 - - [22/Sep/2022:15:52:05 +0000] "GET /api/v1/note/632c823ee6151419b497a229 HTTP/1.1" 500 53 "-" "PostmanRuntime/7.29.2"

info: ::1 - - [22/Sep/2022:15:52:28 +0000] "POST /api/v1/note/note HTTP/1.1" 201 264 "-" "PostmanRuntime/7.29.2"

info: ::1 - - [22/Sep/2022:15:53:05 +0000] "DELETE /api/v1/note/632c84bc147d842e209ca447 HTTP/1.1" 500 54 "-" "PostmanRuntime/7.29.2"

info: ::1 - - [22/Sep/2022:15:53:49 +0000] "DELETE /api/v1/note/632c84bc147d842e209ca447 HTTP/1.1" 200 59 "-" "PostmanRuntime/7.29.2"

info: ::1 - - [22/Sep/2022:15:53:58 +0000] "GET /api/v1/note/632c84bc147d842e209ca447 HTTP/1.1" 500 53 "-" "PostmanRuntime/7.29.2"

info: ::1 - - [22/Sep/2022:15:54:29 +0000] "POST /api/v1/note/note HTTP/1.1" 201 264 "-" "PostmanRuntime/7.29.2"

info: ::1 - - [22/Sep/2022:15:54:54 +0000] "PUT /api/v1/note/632c85352238172790e2fef9 HTTP/1.1" 500 140 "-" "PostmanRuntime/7.29.2"

info: ::1 - - [22/Sep/2022:15:57:19 +0000] "PUT /api/v1/note/632c85352238172790e2fef9 HTTP/1.1" 500 140 "-" "PostmanRuntime/7.29.2"

info: ::1 - - [22/Sep/2022:15:58:10 +0000] "PUT /api/v1/note/632c85352238172790e2fef9 HTTP/1.1" 500 140 "-" "PostmanRuntime/7.29.2"

info: ::1 - - [22/Sep/2022:15:58:16 +0000] "GET /api/v1/note/632c85352238172790e2fef9 HTTP/1.1" 500 53 "-" "PostmanRuntime/7.29.2"

info: ::1 - - [22/Sep/2022:16:00:10 +0000] "GET /api/v1/note/632c85352238172790e2fef9 HTTP/1.1" 200 62 "-" "PostmanRuntime/7.29.2"

info: ::1 - - [22/Sep/2022:16:00:48 +0000] "GET /api/v1/note HTTP/1.1" 404 47 "-" "PostmanRuntime/7.29.2"

info: ::1 - - [22/Sep/2022:16:00:56 +0000] "GET /api/v1/note/note HTTP/1.1" 200 62 "-" "PostmanRuntime/7.29.2"

info: ::1 - - [22/Sep/2022:16:08:13 +0000] "GET /api/v1/note HTTP/1.1" 200 1275 "-" "PostmanRuntime/7.29.2"

info: ::1 - - [22/Sep/2022:16:09:24 +0000] "DELETE /api/v1/note/632c81dce6151419b497a225 HTTP/1.1" 200 59 "-" "PostmanRuntime/7.29.2"

info: ::1 - - [22/Sep/2022:16:09:38 +0000] "GET /api/v1/note HTTP/1.1" 200 1275 "-" "PostmanRuntime/7.29.2"

info: ::1 - - [22/Sep/2022:16:15:22 +0000] "GET /api/v1/note/isarchived/632c85352238172790e2fef9 HTTP/1.1" 404 47 "-" "PostmanRuntime/7.29.2"

info: ::1 - - [22/Sep/2022:16:15:33 +0000] "GET /api/v1/isarchived/632c85352238172790e2fef9 HTTP/1.1" 404 47 "-" "PostmanRuntime/7.29.2"

info: ::1 - - [22/Sep/2022:16:15:46 +0000] "GET /api/v1/note/isarchived/632c85352238172790e2fef9 HTTP/1.1" 404 47 "-" "PostmanRuntime/7.29.2"

info: ::1 - - [22/Sep/2022:16:16:08 +0000] "GET /api/v1/note/isarchive/632c85352238172790e2fef9 HTTP/1.1" 404 47 "-" "PostmanRuntime/7.29.2"

info: ::1 - - [22/Sep/2022:16:16:17 +0000] "GET /api/v1/isarchive/632c85352238172790e2fef9 HTTP/1.1" 404 47 "-" "PostmanRuntime/7.29.2"

info: ::1 - - [22/Sep/2022:16:16:31 +0000] "GET /api/v1/note/isarchive/632c85352238172790e2fef9 HTTP/1.1" 404 47 "-" "PostmanRuntime/7.29.2"

info: ::1 - - [22/Sep/2022:16:17:05 +0000] "GET /api/v1/note/isarchive/632c85352238172790e2fef9 HTTP/1.1" 404 47 "-" "PostmanRuntime/7.29.2"

info: ::1 - - [22/Sep/2022:16:18:57 +0000] "GET /api/v1/note/note/isarchive/632c85352238172790e2fef9 HTTP/1.1" 404 47 "-" "PostmanRuntime/7.29.2"

info: ::1 - - [22/Sep/2022:16:19:25 +0000] "POST /api/v1/note/note/isarchive/632c85352238172790e2fef9 HTTP/1.1" 404 47 "-" "PostmanRuntime/7.29.2"

info: ::1 - - [22/Sep/2022:16:19:38 +0000] "GET /api/v1/note HTTP/1.1" 200 1275 "-" "PostmanRuntime/7.29.2"

info: ::1 - - [22/Sep/2022:16:21:19 +0000] "PUT /api/v1/note/note/isarchive/632c85352238172790e2fef9 HTTP/1.1" 404 47 "-" "PostmanRuntime/7.29.2"

info: ::1 - - [22/Sep/2022:16:21:28 +0000] "PUT /api/v1/note/isarchive/632c85352238172790e2fef9 HTTP/1.1" 500 54 "-" "PostmanRuntime/7.29.2"

info: ::1 - - [22/Sep/2022:16:27:47 +0000] "PUT /api/v1/note/isarchive/632c85352238172790e2fef9 HTTP/1.1" 500 54 "-" "PostmanRuntime/7.29.2"

info: ::1 - - [22/Sep/2022:16:29:40 +0000] "PUT /api/v1/note/isarchive/632c85352238172790e2fef9 HTTP/1.1" 500 83 "-" "PostmanRuntime/7.29.2"

info: ::1 - - [22/Sep/2022:16:30:42 +0000] "PUT /api/v1/note/isarchive/632c85352238172790e2fef9 HTTP/1.1" 500 83 "-" "PostmanRuntime/7.29.2"

info: ::1 - - [22/Sep/2022:16:30:59 +0000] "PUT /api/v1/note/note/isarchive/632c85352238172790e2fef9 HTTP/1.1" 404 47 "-" "PostmanRuntime/7.29.2"

info: ::1 - - [22/Sep/2022:16:31:08 +0000] "PUT /api/v1/note/isarchive/632c85352238172790e2fef9 HTTP/1.1" 500 83 "-" "PostmanRuntime/7.29.2"

info: ::1 - - [22/Sep/2022:16:38:58 +0000] "PUT /api/v1/note/isarchive/632c85352238172790e2fef9 HTTP/1.1" 500 54 "-" "PostmanRuntime/7.29.2"

info: ::1 - - [22/Sep/2022:16:41:32 +0000] "PUT /api/v1/note/isarchive/632c85352238172790e2fef9 HTTP/1.1" 500 83 "-" "PostmanRuntime/7.29.2"

info: ::1 - - [22/Sep/2022:16:47:00 +0000] "PUT /api/v1/note/isarchive/632c85352238172790e2fef9 HTTP/1.1" 500 83 "-" "PostmanRuntime/7.29.2"

info: ::1 - - [22/Sep/2022:16:54:39 +0000] "PUT /api/v1/note/isarchive/632c85352238172790e2fef9 HTTP/1.1" 500 83 "-" "PostmanRuntime/7.29.2"

info: ::1 - - [22/Sep/2022:16:55:25 +0000] "GET /api/v1/note/note HTTP/1.1" 200 62 "-" "PostmanRuntime/7.29.2"

info: ::1 - - [22/Sep/2022:16:55:34 +0000] "GET /api/v1/note HTTP/1.1" 200 1275 "-" "PostmanRuntime/7.29.2"

info: ::1 - - [22/Sep/2022:16:57:45 +0000] "PUT /api/v1/note/632c85352238172790e2fef9 HTTP/1.1" 500 140 "-" "PostmanRuntime/7.29.2"

info: ::1 - - [22/Sep/2022:17:03:19 +0000] "PUT /api/v1/note/632c85352238172790e2fef9 HTTP/1.1" 500 140 "-" "PostmanRuntime/7.29.2"

info: ::1 - - [22/Sep/2022:17:03:22 +0000] "PUT /api/v1/note/632c85352238172790e2fef9 HTTP/1.1" 500 140 "-" "PostmanRuntime/7.29.2"

info: ::1 - - [22/Sep/2022:17:04:58 +0000] "PUT /api/v1/note/632c85352238172790e2fef9 HTTP/1.1" 500 140 "-" "PostmanRuntime/7.29.2"

info: ::1 - - [22/Sep/2022:17:05:12 +0000] "PUT /api/v1/note/isarchived/632c85352238172790e2fef9 HTTP/1.1" 404 47 "-" "PostmanRuntime/7.29.2"

info: ::1 - - [22/Sep/2022:17:05:32 +0000] "GET /api/v1/note HTTP/1.1" 200 1275 "-" "PostmanRuntime/7.29.2"

info: ::1 - - [22/Sep/2022:17:06:15 +0000] "PUT /api/v1/note/isarchived/632c7e8507977f23ac7ee7cc HTTP/1.1" 404 47 "-" "PostmanRuntime/7.29.2"

info: ::1 - - [22/Sep/2022:17:06:23 +0000] "PUT /api/v1/note/isarchived/632c7e8507977f23ac7ee7cc HTTP/1.1" 404 47 "-" "PostmanRuntime/7.29.2"

info: ::1 - - [22/Sep/2022:17:06:24 +0000] "PUT /api/v1/note/isarchived/632c7e8507977f23ac7ee7cc HTTP/1.1" 404 47 "-" "PostmanRuntime/7.29.2"

info: ::1 - - [22/Sep/2022:17:06:26 +0000] "PUT /api/v1/note/isarchived/632c7e8507977f23ac7ee7cc HTTP/1.1" 404 47 "-" "PostmanRuntime/7.29.2"

info: ::1 - - [22/Sep/2022:17:06:37 +0000] "PUT /api/v1/note/isarchive/632c7e8507977f23ac7ee7cc HTTP/1.1" 500 83 "-" "PostmanRuntime/7.29.2"

info: ::1 - - [22/Sep/2022:17:08:53 +0000] "PUT /api/v1/note/632c7e8507977f23ac7ee7cc/isarchive HTTP/1.1" 404 47 "-" "PostmanRuntime/7.29.2"

info: ::1 - - [22/Sep/2022:17:08:56 +0000] "PUT /api/v1/note/632c7e8507977f23ac7ee7cc/isarchive HTTP/1.1" 404 47 "-" "PostmanRuntime/7.29.2"

info: ::1 - - [22/Sep/2022:17:09:04 +0000] "PUT /api/v1/note/isarchive/632c7e8507977f23ac7ee7cc HTTP/1.1" 500 83 "-" "PostmanRuntime/7.29.2"

info: ::1 - - [22/Sep/2022:17:12:04 +0000] "PUT /api/v1/note/632c85352238172790e2fef9 HTTP/1.1" 500 140 "-" "PostmanRuntime/7.29.2"

info: ::1 - - [22/Sep/2022:17:12:38 +0000] "PUT /api/v1/note/632c85352238172790e2fef9 HTTP/1.1" 500 140 "-" "PostmanRuntime/7.29.2"

info: ::1 - - [22/Sep/2022:17:17:51 +0000] "PUT /api/v1/note/632c85352238172790e2fef9 HTTP/1.1" 500 140 "-" "PostmanRuntime/7.29.2"

info: ::1 - - [22/Sep/2022:17:25:03 +0000] "PUT /api/v1/note/632c85352238172790e2fef9 HTTP/1.1" 500 140 "-" "PostmanRuntime/7.29.2"

info: ::1 - - [22/Sep/2022:17:25:23 +0000] "PUT /api/v1/note/632c85352238172790e2fef9 HTTP/1.1" 500 140 "-" "PostmanRuntime/7.29.2"

info: ::1 - - [22/Sep/2022:17:27:46 +0000] "PUT /api/v1/note/632c85352238172790e2fef9 HTTP/1.1" 500 140 "-" "PostmanRuntime/7.29.2"

info: ::1 - - [22/Sep/2022:17:32:50 +0000] "PUT /api/v1/note/632c85352238172790e2fef9 HTTP/1.1" 500 140 "-" "PostmanRuntime/7.29.2"

info: ::1 - - [22/Sep/2022:17:51:09 +0000] "PUT /api/v1/note/632c85352238172790e2fef9 HTTP/1.1" 500 140 "-" "PostmanRuntime/7.29.2"

info: ::1 - - [22/Sep/2022:17:55:19 +0000] "PUT /api/v1/note/632c85352238172790e2fef9 HTTP/1.1" 500 140 "-" "PostmanRuntime/7.29.2"

info: ::1 - - [22/Sep/2022:17:55:21 +0000] "PUT /api/v1/note/632c85352238172790e2fef9 HTTP/1.1" 500 140 "-" "PostmanRuntime/7.29.2"

info: ::1 - - [22/Sep/2022:17:58:49 +0000] "PUT /api/v1/note/632c85352238172790e2fef9 HTTP/1.1" 500 140 "-" "PostmanRuntime/7.29.2"

info: ::1 - - [22/Sep/2022:18:24:01 +0000] "GET /api/v1/note HTTP/1.1" 200 1275 "-" "PostmanRuntime/7.29.2"

info: ::1 - - [22/Sep/2022:18:25:14 +0000] "GET /api/v1/note HTTP/1.1" 200 1275 "-" "PostmanRuntime/7.29.2"

info: ::1 - - [22/Sep/2022:18:25:59 +0000] "PUT /api/v1/note/632c7e8507977f23ac7ee7cc HTTP/1.1" 500 52 "-" "PostmanRuntime/7.29.2"

info: ::1 - - [22/Sep/2022:18:26:05 +0000] "PUT /api/v1/note/632c7e8507977f23ac7ee7cc HTTP/1.1" 500 52 "-" "PostmanRuntime/7.29.2"

info: ::1 - - [22/Sep/2022:18:26:06 +0000] "PUT /api/v1/note/632c7e8507977f23ac7ee7cc HTTP/1.1" 500 52 "-" "PostmanRuntime/7.29.2"

info: ::1 - - [22/Sep/2022:18:26:07 +0000] "PUT /api/v1/note/632c7e8507977f23ac7ee7cc HTTP/1.1" 500 52 "-" "PostmanRuntime/7.29.2"

info: ::1 - - [22/Sep/2022:18:26:38 +0000] "PUT /api/v1/note/632c7e8507977f23ac7ee7cc HTTP/1.1" 500 140 "-" "PostmanRuntime/7.29.2"

info: ::1 - - [22/Sep/2022:18:27:51 +0000] "PUT /api/v1/note/632c7e8507977f23ac7ee7cc HTTP/1.1" 500 140 "-" "PostmanRuntime/7.29.2"

