info: ::1 - - [20/Sep/2022:18:44:41 +0000] "POST /api/v1/note HTTP/1.1" 404 47 "-" "PostmanRuntime/7.29.2"

info: ::1 - - [20/Sep/2022:18:44:52 +0000] "GET /api/v1/note HTTP/1.1" 404 47 "-" "PostmanRuntime/7.29.2"

info: ::1 - - [20/Sep/2022:18:53:06 +0000] "GET /api/v1/note HTTP/1.1" 404 47 "-" "PostmanRuntime/7.29.2"

info: ::1 - - [21/Sep/2022:15:55:52 +0000] "GET /api/v1/note/ HTTP/1.1" 404 47 "-" "PostmanRuntime/7.29.2"

info: ::1 - - [21/Sep/2022:15:55:59 +0000] "GET /api/v1/note/note HTTP/1.1" 404 47 "-" "PostmanRuntime/7.29.2"

info: ::1 - - [21/Sep/2022:16:37:20 +0000] "POST /api/v1/note/note HTTP/1.1" 500 86 "-" "PostmanRuntime/7.29.2"

info: ::1 - - [21/Sep/2022:16:37:34 +0000] "POST /api/v1/note/note HTTP/1.1" 500 91 "-" "PostmanRuntime/7.29.2"

info: ::1 - - [21/Sep/2022:16:37:50 +0000] "POST /api/v1/note/note HTTP/1.1" 500 91 "-" "PostmanRuntime/7.29.2"

info: ::1 - - [21/Sep/2022:16:37:59 +0000] "POST /api/v1/note/note HTTP/1.1" 500 91 "-" "PostmanRuntime/7.29.2"

info: ::1 - - [21/Sep/2022:16:38:57 +0000] "POST /api/v1/note/note HTTP/1.1" 500 75 "-" "PostmanRuntime/7.29.2"

info: ::1 - - [21/Sep/2022:16:41:52 +0000] "GET /api/v1/note/note HTTP/1.1" 500 75 "-" "PostmanRuntime/7.29.2"

info: ::1 - - [21/Sep/2022:16:42:50 +0000] "POST /api/v1/note/note HTTP/1.1" 500 75 "-" "PostmanRuntime/7.29.2"

info: ::1 - - [21/Sep/2022:16:43:00 +0000] "POST /api/v1/note/note HTTP/1.1" 500 75 "-" "PostmanRuntime/7.29.2"

info: ::1 - - [21/Sep/2022:16:44:51 +0000] "POST /api/v1/note/note HTTP/1.1" 500 75 "-" "PostmanRuntime/7.29.2"

info: ::1 - - [21/Sep/2022:16:48:47 +0000] "POST /api/v1/note/note HTTP/1.1" 500 91 "-" "PostmanRuntime/7.29.2"

info: ::1 - - [21/Sep/2022:16:49:15 +0000] "POST /api/v1/note/note HTTP/1.1" 500 75 "-" "PostmanRuntime/7.29.2"

info: ::1 - - [21/Sep/2022:16:49:22 +0000] "GET /api/v1/note/note HTTP/1.1" 500 75 "-" "PostmanRuntime/7.29.2"

info: ::1 - - [21/Sep/2022:16:49:30 +0000] "GET /api/v1/note HTTP/1.1" 404 47 "-" "PostmanRuntime/7.29.2"

info: ::1 - - [21/Sep/2022:16:49:50 +0000] "GET /api/v1/note/note HTTP/1.1" 500 75 "-" "PostmanRuntime/7.29.2"

info: ::1 - - [21/Sep/2022:16:52:53 +0000] "POST /api/v1/note/note HTTP/1.1" 500 52 "-" "PostmanRuntime/7.29.2"

info: ::1 - - [21/Sep/2022:16:53:09 +0000] "POST /api/v1/note/note HTTP/1.1" 500 52 "-" "PostmanRuntime/7.29.2"

info: ::1 - - [21/Sep/2022:16:53:38 +0000] "POST /api/v1/note/note HTTP/1.1" 500 85 "-" "PostmanRuntime/7.29.2"

info: ::1 - - [21/Sep/2022:16:54:08 +0000] "POST /api/v1/note/note HTTP/1.1" 500 52 "-" "PostmanRuntime/7.29.2"

info: ::1 - - [21/Sep/2022:16:55:58 +0000] "POST /api/v1/note/note HTTP/1.1" 500 52 "-" "PostmanRuntime/7.29.2"

info: ::1 - - [21/Sep/2022:16:56:47 +0000] "POST /api/v1/note/note HTTP/1.1" 500 52 "-" "PostmanRuntime/7.29.2"

info: ::1 - - [21/Sep/2022:17:01:28 +0000] "POST /api/v1/note/note HTTP/1.1" 500 52 "-" "PostmanRuntime/7.29.2"

info: ::1 - - [21/Sep/2022:17:02:58 +0000] "POST /api/v1/note/note HTTP/1.1" 500 52 "-" "PostmanRuntime/7.29.2"

info: ::1 - - [21/Sep/2022:17:04:40 +0000] "POST /api/v1/note/note HTTP/1.1" 500 52 "-" "PostmanRuntime/7.29.2"

info: ::1 - - [21/Sep/2022:17:05:14 +0000] "POST /api/v1/note/note HTTP/1.1" 500 52 "-" "PostmanRuntime/7.29.2"

info: ::1 - - [21/Sep/2022:17:05:16 +0000] "POST /api/v1/note/note HTTP/1.1" 500 52 "-" "PostmanRuntime/7.29.2"

info: ::1 - - [21/Sep/2022:17:06:15 +0000] "POST /api/v1/note/note HTTP/1.1" 500 52 "-" "PostmanRuntime/7.29.2"

info: ::1 - - [21/Sep/2022:17:10:38 +0000] "POST /api/v1/note/note HTTP/1.1" 500 52 "-" "PostmanRuntime/7.29.2"

info: ::1 - - [21/Sep/2022:17:13:06 +0000] "POST /api/v1/note/note HTTP/1.1" 500 52 "-" "PostmanRuntime/7.29.2"

info: ::1 - - [21/Sep/2022:17:15:10 +0000] "POST /api/v1/user/login HTTP/1.1" 404 47 "-" "PostmanRuntime/7.29.2"

info: ::1 - - [21/Sep/2022:17:15:19 +0000] "POST /api/v1/user HTTP/1.1" 404 47 "-" "PostmanRuntime/7.29.2"

info: ::1 - - [21/Sep/2022:17:15:27 +0000] "POST /api/v1/user/login HTTP/1.1" 404 47 "-" "PostmanRuntime/7.29.2"

info: ::1 - - [21/Sep/2022:17:15:29 +0000] "POST /api/v1/user/login HTTP/1.1" 404 47 "-" "PostmanRuntime/7.29.2"

info: ::1 - - [21/Sep/2022:17:15:39 +0000] "POST /api/v1/login HTTP/1.1" 404 47 "-" "PostmanRuntime/7.29.2"

info: ::1 - - [21/Sep/2022:17:15:59 +0000] "POST /api/v1/users/login HTTP/1.1" 500 48 "-" "PostmanRuntime/7.29.2"

info: ::1 - - [21/Sep/2022:17:16:56 +0000] "POST /api/v1/users/login HTTP/1.1" 500 48 "-" "PostmanRuntime/7.29.2"

info: ::1 - - [21/Sep/2022:17:19:29 +0000] "POST /api/v1/users/register HTTP/1.1" 201 318 "-" "PostmanRuntime/7.29.2"

info: ::1 - - [21/Sep/2022:17:20:38 +0000] "POST /api/v1/users/register HTTP/1.1" 201 317 "-" "PostmanRuntime/7.29.2"

info: ::1 - - [21/Sep/2022:17:21:07 +0000] "POST /api/v1/users/register HTTP/1.1" 201 319 "-" "PostmanRuntime/7.29.2"

info: ::1 - - [21/Sep/2022:17:21:39 +0000] "POST /api/v1/users/login HTTP/1.1" 200 297 "-" "PostmanRuntime/7.29.2"

info: ::1 - - [21/Sep/2022:17:23:06 +0000] "POST /api/v1/note/note HTTP/1.1" 400 56 "-" "PostmanRuntime/7.29.2"

info: ::1 - - [21/Sep/2022:17:23:28 +0000] "POST /api/v1/users/login HTTP/1.1" 200 297 "-" "PostmanRuntime/7.29.2"

info: ::1 - - [21/Sep/2022:17:23:56 +0000] "POST /api/v1/users/login HTTP/1.1" 200 297 "-" "PostmanRuntime/7.29.2"

info: ::1 - - [21/Sep/2022:17:24:36 +0000] "POST /api/v1/note/note HTTP/1.1" 400 56 "-" "PostmanRuntime/7.29.2"

info: ::1 - - [21/Sep/2022:17:28:09 +0000] "POST /api/v1/note/note HTTP/1.1" 500 52 "-" "PostmanRuntime/7.29.2"

info: ::1 - - [21/Sep/2022:17:28:14 +0000] "POST /api/v1/note/note HTTP/1.1" 500 52 "-" "PostmanRuntime/7.29.2"

info: ::1 - - [21/Sep/2022:17:32:13 +0000] "POST /api/v1/users/login HTTP/1.1" 200 297 "-" "PostmanRuntime/7.29.2"

info: ::1 - - [21/Sep/2022:17:32:53 +0000] "POST /api/v1/note/note HTTP/1.1" 500 52 "-" "PostmanRuntime/7.29.2"

info: ::1 - - [21/Sep/2022:18:21:01 +0000] "POST /api/v1/note/note HTTP/1.1" 500 52 "-" "PostmanRuntime/7.29.2"

